2019/10/04-11:21 [main] INFO  com.main.WXApplication- Starting WXApplication on LAPTOP-OQIT1VR1 with PID 1880 (D:\Code\wx\target\classes started by lenovo in D:\Code\wx)
2019/10/04-11:21 [main] INFO  com.main.WXApplication- No active profile set, falling back to default profiles: default
2019/10/04-11:21 [main] INFO  org.springframework.boot.web.embedded.tomcat.TomcatWebServer- Tomcat initialized with port(s): 8888 (http)
2019/10/04-11:21 [main] INFO  org.apache.catalina.core.StandardService- Starting service [Tomcat]
2019/10/04-11:21 [main] INFO  org.apache.catalina.core.StandardEngine- Starting Servlet engine: [Apache Tomcat/9.0.16]
2019/10/04-11:21 [main] INFO  org.apache.catalina.core.AprLifecycleListener- The APR based Apache Tomcat Native library which allows optimal performance in production environments was not found on the java.library.path: [D:\Java\jdk1.8.0_181\bin;C:\WINDOWS\Sun\Java\bin;C:\WINDOWS\system32;C:\WINDOWS;C:\Program Files (x86)\Common Files\Oracle\Java\javapath;C:\ProgramData\Oracle\Java\javapath;C:\Program Files (x86)\Intel\iCLS Client\;C:\Program Files\Intel\iCLS Client\;C:\Windows\system32;C:\Windows;C:\Windows\System32\Wbem;C:\Windows\System32\WindowsPowerShell\v1.0\;C:\Program Files (x86)\Intel\Intel(R) Management Engine Components\DAL;C:\Program Files\Intel\Intel(R) Management Engine Components\DAL;C:\Program Files (x86)\Intel\Intel(R) Management Engine Components\IPT;C:\Program Files\Intel\Intel(R) Management Engine Components\IPT;C:\Program Files (x86)\NVIDIA Corporation\PhysX\Common;C:\WINDOWS\system32;C:\WINDOWS;C:\WINDOWS\System32\Wbem;C:\WINDOWS\System32\WindowsPowerShell\v1.0\;D:\MySQL\mysql-5.7.20-winx64\bin;C:\Program Files (x86)\OpenVPN\bin;C:\Program Files\Microsoft SQL Server\130\Tools\Binn\;C:\Program Files\Microsoft SQL Server\Client SDK\ODBC\130\Tools\Binn\;C:\Program Files (x86)\Microsoft SQL Server\140\Tools\Binn\;C:\Program Files\Microsoft SQL Server\140\Tools\Binn\;C:\Program Files\Microsoft SQL Server\140\DTS\Binn\;C:\Program Files\Intel\WiFi\bin\;C:\Program Files\Common Files\Intel\WirelessCommon\;D:\Python\Python3.6.5\python.exe;C:\Program Files\MySQL\MySQL Utilities 1.6\;D:\Git\cmd;D:\Oracle\instantclient-basic-win32-10.1.0.5-20060419\instantclient10_1\config;D:\Go\bin;D:\TortoiseSVN\bin;C:\WINDOWS\System32\OpenSSH\;D:\Maven\apache-maven-3.6.0-bin\apache-maven-3.6.0\bin\;C:\Users\lenovo\.app\;C:\Users\lenovo\AppData\Local\Microsoft\WindowsApps;C:\Program Files\Intel\WiFi\bin\;C:\Program Files\Common Files\Intel\WirelessCommon\;D:\Python\Python3.6.5\python.exe;D:\Android Stdio\jre\bin;D:\Program\MySQL\MySQL Server 5.7\lib;E:\Go-WorkSpace\bin;E:\VSCode\Microsoft VS Code\bin;E:\Program Files\MinGW-m64\mingw64\bin;D:\Program Files\Oracle\VirtualBox\VBoxManage.exe;C:\Program Files (x86)\Vim\vim80;D:\Java\jdk1.8.0_181\bin;D:\Java\jdk1.8.0_181\jre\bin;;.]
2019/10/04-11:21 [main] INFO  org.apache.catalina.core.ContainerBase.[Tomcat].[localhost].[/wx]- Initializing Spring embedded WebApplicationContext
2019/10/04-11:21 [main] INFO  org.springframework.web.context.ContextLoader- Root WebApplicationContext: initialization completed in 3992 ms
2019/10/04-11:21 [main] INFO  org.springframework.scheduling.concurrent.ThreadPoolTaskExecutor- Initializing ExecutorService 'applicationTaskExecutor'
2019/10/04-11:21 [main] INFO  org.springframework.boot.web.embedded.tomcat.TomcatWebServer- Tomcat started on port(s): 8888 (http) with context path '/wx'
2019/10/04-11:21 [main] INFO  com.main.WXApplication- Started WXApplication in 7.469 seconds (JVM running for 11.519)
2019/10/04-11:22 [http-nio-8888-exec-2] INFO  org.apache.catalina.core.ContainerBase.[Tomcat].[localhost].[/wx]- Initializing Spring DispatcherServlet 'dispatcherServlet'
2019/10/04-11:22 [http-nio-8888-exec-2] INFO  org.springframework.web.servlet.DispatcherServlet- Initializing Servlet 'dispatcherServlet'
2019/10/04-11:22 [http-nio-8888-exec-2] INFO  org.springframework.web.servlet.DispatcherServlet- Completed initialization in 6 ms
2019/10/04-11:25 [main] INFO  com.main.WXApplication- Starting WXApplication on LAPTOP-OQIT1VR1 with PID 9676 (D:\Code\wx\target\classes started by lenovo in D:\Code\wx)
2019/10/04-11:25 [main] INFO  com.main.WXApplication- No active profile set, falling back to default profiles: default
2019/10/04-11:25 [main] INFO  org.springframework.boot.web.embedded.tomcat.TomcatWebServer- Tomcat initialized with port(s): 8888 (http)
2019/10/04-11:25 [main] INFO  org.apache.catalina.core.StandardService- Starting service [Tomcat]
2019/10/04-11:25 [main] INFO  org.apache.catalina.core.StandardEngine- Starting Servlet engine: [Apache Tomcat/9.0.16]
2019/10/04-11:25 [main] INFO  org.apache.catalina.core.AprLifecycleListener- The APR based Apache Tomcat Native library which allows optimal performance in production environments was not found on the java.library.path: [D:\Java\jdk1.8.0_181\bin;C:\WINDOWS\Sun\Java\bin;C:\WINDOWS\system32;C:\WINDOWS;C:\Program Files (x86)\Common Files\Oracle\Java\javapath;C:\ProgramData\Oracle\Java\javapath;C:\Program Files (x86)\Intel\iCLS Client\;C:\Program Files\Intel\iCLS Client\;C:\Windows\system32;C:\Windows;C:\Windows\System32\Wbem;C:\Windows\System32\WindowsPowerShell\v1.0\;C:\Program Files (x86)\Intel\Intel(R) Management Engine Components\DAL;C:\Program Files\Intel\Intel(R) Management Engine Components\DAL;C:\Program Files (x86)\Intel\Intel(R) Management Engine Components\IPT;C:\Program Files\Intel\Intel(R) Management Engine Components\IPT;C:\Program Files (x86)\NVIDIA Corporation\PhysX\Common;C:\WINDOWS\system32;C:\WINDOWS;C:\WINDOWS\System32\Wbem;C:\WINDOWS\System32\WindowsPowerShell\v1.0\;D:\MySQL\mysql-5.7.20-winx64\bin;C:\Program Files (x86)\OpenVPN\bin;C:\Program Files\Microsoft SQL Server\130\Tools\Binn\;C:\Program Files\Microsoft SQL Server\Client SDK\ODBC\130\Tools\Binn\;C:\Program Files (x86)\Microsoft SQL Server\140\Tools\Binn\;C:\Program Files\Microsoft SQL Server\140\Tools\Binn\;C:\Program Files\Microsoft SQL Server\140\DTS\Binn\;C:\Program Files\Intel\WiFi\bin\;C:\Program Files\Common Files\Intel\WirelessCommon\;D:\Python\Python3.6.5\python.exe;C:\Program Files\MySQL\MySQL Utilities 1.6\;D:\Git\cmd;D:\Oracle\instantclient-basic-win32-10.1.0.5-20060419\instantclient10_1\config;D:\Go\bin;D:\TortoiseSVN\bin;C:\WINDOWS\System32\OpenSSH\;D:\Maven\apache-maven-3.6.0-bin\apache-maven-3.6.0\bin\;C:\Users\lenovo\.app\;C:\Users\lenovo\AppData\Local\Microsoft\WindowsApps;C:\Program Files\Intel\WiFi\bin\;C:\Program Files\Common Files\Intel\WirelessCommon\;D:\Python\Python3.6.5\python.exe;D:\Android Stdio\jre\bin;D:\Program\MySQL\MySQL Server 5.7\lib;E:\Go-WorkSpace\bin;E:\VSCode\Microsoft VS Code\bin;E:\Program Files\MinGW-m64\mingw64\bin;D:\Program Files\Oracle\VirtualBox\VBoxManage.exe;C:\Program Files (x86)\Vim\vim80;D:\Java\jdk1.8.0_181\bin;D:\Java\jdk1.8.0_181\jre\bin;;.]
2019/10/04-11:25 [main] INFO  org.apache.catalina.core.ContainerBase.[Tomcat].[localhost].[/wx]- Initializing Spring embedded WebApplicationContext
2019/10/04-11:25 [main] INFO  org.springframework.web.context.ContextLoader- Root WebApplicationContext: initialization completed in 1270 ms
2019/10/04-11:25 [main] INFO  org.springframework.scheduling.concurrent.ThreadPoolTaskExecutor- Initializing ExecutorService 'applicationTaskExecutor'
2019/10/04-11:25 [main] INFO  org.springframework.boot.web.embedded.tomcat.TomcatWebServer- Tomcat started on port(s): 8888 (http) with context path '/wx'
2019/10/04-11:25 [main] INFO  com.main.WXApplication- Started WXApplication in 2.551 seconds (JVM running for 4.162)
2019/10/04-11:25 [http-nio-8888-exec-1] INFO  org.apache.catalina.core.ContainerBase.[Tomcat].[localhost].[/wx]- Initializing Spring DispatcherServlet 'dispatcherServlet'
2019/10/04-11:25 [http-nio-8888-exec-1] INFO  org.springframework.web.servlet.DispatcherServlet- Initializing Servlet 'dispatcherServlet'
2019/10/04-11:25 [http-nio-8888-exec-1] INFO  org.springframework.web.servlet.DispatcherServlet- Completed initialization in 6 ms
2019/10/04-11:27 [main] INFO  com.main.WXApplication- Starting WXApplication on LAPTOP-OQIT1VR1 with PID 3420 (D:\Code\wx\target\classes started by lenovo in D:\Code\wx)
2019/10/04-11:27 [main] INFO  com.main.WXApplication- No active profile set, falling back to default profiles: default
2019/10/04-11:27 [main] INFO  org.springframework.boot.web.embedded.tomcat.TomcatWebServer- Tomcat initialized with port(s): 8888 (http)
2019/10/04-11:27 [main] INFO  org.apache.catalina.core.StandardService- Starting service [Tomcat]
2019/10/04-11:27 [main] INFO  org.apache.catalina.core.StandardEngine- Starting Servlet engine: [Apache Tomcat/9.0.16]
2019/10/04-11:27 [main] INFO  org.apache.catalina.core.AprLifecycleListener- The APR based Apache Tomcat Native library which allows optimal performance in production environments was not found on the java.library.path: [D:\Java\jdk1.8.0_181\bin;C:\WINDOWS\Sun\Java\bin;C:\WINDOWS\system32;C:\WINDOWS;C:\Program Files (x86)\Common Files\Oracle\Java\javapath;C:\ProgramData\Oracle\Java\javapath;C:\Program Files (x86)\Intel\iCLS Client\;C:\Program Files\Intel\iCLS Client\;C:\Windows\system32;C:\Windows;C:\Windows\System32\Wbem;C:\Windows\System32\WindowsPowerShell\v1.0\;C:\Program Files (x86)\Intel\Intel(R) Management Engine Components\DAL;C:\Program Files\Intel\Intel(R) Management Engine Components\DAL;C:\Program Files (x86)\Intel\Intel(R) Management Engine Components\IPT;C:\Program Files\Intel\Intel(R) Management Engine Components\IPT;C:\Program Files (x86)\NVIDIA Corporation\PhysX\Common;C:\WINDOWS\system32;C:\WINDOWS;C:\WINDOWS\System32\Wbem;C:\WINDOWS\System32\WindowsPowerShell\v1.0\;D:\MySQL\mysql-5.7.20-winx64\bin;C:\Program Files (x86)\OpenVPN\bin;C:\Program Files\Microsoft SQL Server\130\Tools\Binn\;C:\Program Files\Microsoft SQL Server\Client SDK\ODBC\130\Tools\Binn\;C:\Program Files (x86)\Microsoft SQL Server\140\Tools\Binn\;C:\Program Files\Microsoft SQL Server\140\Tools\Binn\;C:\Program Files\Microsoft SQL Server\140\DTS\Binn\;C:\Program Files\Intel\WiFi\bin\;C:\Program Files\Common Files\Intel\WirelessCommon\;D:\Python\Python3.6.5\python.exe;C:\Program Files\MySQL\MySQL Utilities 1.6\;D:\Git\cmd;D:\Oracle\instantclient-basic-win32-10.1.0.5-20060419\instantclient10_1\config;D:\Go\bin;D:\TortoiseSVN\bin;C:\WINDOWS\System32\OpenSSH\;D:\Maven\apache-maven-3.6.0-bin\apache-maven-3.6.0\bin\;C:\Users\lenovo\.app\;C:\Users\lenovo\AppData\Local\Microsoft\WindowsApps;C:\Program Files\Intel\WiFi\bin\;C:\Program Files\Common Files\Intel\WirelessCommon\;D:\Python\Python3.6.5\python.exe;D:\Android Stdio\jre\bin;D:\Program\MySQL\MySQL Server 5.7\lib;E:\Go-WorkSpace\bin;E:\VSCode\Microsoft VS Code\bin;E:\Program Files\MinGW-m64\mingw64\bin;D:\Program Files\Oracle\VirtualBox\VBoxManage.exe;C:\Program Files (x86)\Vim\vim80;D:\Java\jdk1.8.0_181\bin;D:\Java\jdk1.8.0_181\jre\bin;;.]
2019/10/04-11:27 [main] INFO  org.apache.catalina.core.ContainerBase.[Tomcat].[localhost].[/wx]- Initializing Spring embedded WebApplicationContext
2019/10/04-11:27 [main] INFO  org.springframework.web.context.ContextLoader- Root WebApplicationContext: initialization completed in 1414 ms
2019/10/04-11:27 [main] INFO  org.springframework.scheduling.concurrent.ThreadPoolTaskExecutor- Initializing ExecutorService 'applicationTaskExecutor'
2019/10/04-11:27 [main] INFO  org.springframework.boot.web.embedded.tomcat.TomcatWebServer- Tomcat started on port(s): 8888 (http) with context path '/wx'
2019/10/04-11:27 [main] INFO  com.main.WXApplication- Started WXApplication in 2.706 seconds (JVM running for 4.474)
2019/10/04-11:27 [http-nio-8888-exec-1] INFO  org.apache.catalina.core.ContainerBase.[Tomcat].[localhost].[/wx]- Initializing Spring DispatcherServlet 'dispatcherServlet'
2019/10/04-11:27 [http-nio-8888-exec-1] INFO  org.springframework.web.servlet.DispatcherServlet- Initializing Servlet 'dispatcherServlet'
2019/10/04-11:27 [http-nio-8888-exec-1] INFO  org.springframework.web.servlet.DispatcherServlet- Completed initialization in 5 ms
2019/10/04-11:36 [main] INFO  com.main.WXApplication- Starting WXApplication on LAPTOP-OQIT1VR1 with PID 6352 (D:\Code\wx\target\classes started by lenovo in D:\Code\wx)
2019/10/04-11:36 [main] INFO  com.main.WXApplication- No active profile set, falling back to default profiles: default
2019/10/04-11:36 [main] INFO  org.springframework.boot.web.embedded.tomcat.TomcatWebServer- Tomcat initialized with port(s): 8888 (http)
2019/10/04-11:36 [main] INFO  org.apache.catalina.core.StandardService- Starting service [Tomcat]
2019/10/04-11:36 [main] INFO  org.apache.catalina.core.StandardEngine- Starting Servlet engine: [Apache Tomcat/9.0.16]
2019/10/04-11:36 [main] INFO  org.apache.catalina.core.AprLifecycleListener- The APR based Apache Tomcat Native library which allows optimal performance in production environments was not found on the java.library.path: [D:\Java\jdk1.8.0_181\bin;C:\WINDOWS\Sun\Java\bin;C:\WINDOWS\system32;C:\WINDOWS;C:\Program Files (x86)\Common Files\Oracle\Java\javapath;C:\ProgramData\Oracle\Java\javapath;C:\Program Files (x86)\Intel\iCLS Client\;C:\Program Files\Intel\iCLS Client\;C:\Windows\system32;C:\Windows;C:\Windows\System32\Wbem;C:\Windows\System32\WindowsPowerShell\v1.0\;C:\Program Files (x86)\Intel\Intel(R) Management Engine Components\DAL;C:\Program Files\Intel\Intel(R) Management Engine Components\DAL;C:\Program Files (x86)\Intel\Intel(R) Management Engine Components\IPT;C:\Program Files\Intel\Intel(R) Management Engine Components\IPT;C:\Program Files (x86)\NVIDIA Corporation\PhysX\Common;C:\WINDOWS\system32;C:\WINDOWS;C:\WINDOWS\System32\Wbem;C:\WINDOWS\System32\WindowsPowerShell\v1.0\;D:\MySQL\mysql-5.7.20-winx64\bin;C:\Program Files (x86)\OpenVPN\bin;C:\Program Files\Microsoft SQL Server\130\Tools\Binn\;C:\Program Files\Microsoft SQL Server\Client SDK\ODBC\130\Tools\Binn\;C:\Program Files (x86)\Microsoft SQL Server\140\Tools\Binn\;C:\Program Files\Microsoft SQL Server\140\Tools\Binn\;C:\Program Files\Microsoft SQL Server\140\DTS\Binn\;C:\Program Files\Intel\WiFi\bin\;C:\Program Files\Common Files\Intel\WirelessCommon\;D:\Python\Python3.6.5\python.exe;C:\Program Files\MySQL\MySQL Utilities 1.6\;D:\Git\cmd;D:\Oracle\instantclient-basic-win32-10.1.0.5-20060419\instantclient10_1\config;D:\Go\bin;D:\TortoiseSVN\bin;C:\WINDOWS\System32\OpenSSH\;D:\Maven\apache-maven-3.6.0-bin\apache-maven-3.6.0\bin\;C:\Users\lenovo\.app\;C:\Users\lenovo\AppData\Local\Microsoft\WindowsApps;C:\Program Files\Intel\WiFi\bin\;C:\Program Files\Common Files\Intel\WirelessCommon\;D:\Python\Python3.6.5\python.exe;D:\Android Stdio\jre\bin;D:\Program\MySQL\MySQL Server 5.7\lib;E:\Go-WorkSpace\bin;E:\VSCode\Microsoft VS Code\bin;E:\Program Files\MinGW-m64\mingw64\bin;D:\Program Files\Oracle\VirtualBox\VBoxManage.exe;C:\Program Files (x86)\Vim\vim80;D:\Java\jdk1.8.0_181\bin;D:\Java\jdk1.8.0_181\jre\bin;;.]
2019/10/04-11:36 [main] INFO  org.apache.catalina.core.ContainerBase.[Tomcat].[localhost].[/wx]- Initializing Spring embedded WebApplicationContext
2019/10/04-11:36 [main] INFO  org.springframework.web.context.ContextLoader- Root WebApplicationContext: initialization completed in 1278 ms
2019/10/04-11:36 [main] INFO  org.springframework.scheduling.concurrent.ThreadPoolTaskExecutor- Initializing ExecutorService 'applicationTaskExecutor'
2019/10/04-11:36 [main] INFO  org.springframework.boot.web.embedded.tomcat.TomcatWebServer- Tomcat started on port(s): 8888 (http) with context path '/wx'
2019/10/04-11:36 [main] INFO  com.main.WXApplication- Started WXApplication in 2.468 seconds (JVM running for 4.05)
2019/10/04-11:36 [http-nio-8888-exec-1] INFO  org.apache.catalina.core.ContainerBase.[Tomcat].[localhost].[/wx]- Initializing Spring DispatcherServlet 'dispatcherServlet'
2019/10/04-11:36 [http-nio-8888-exec-1] INFO  org.springframework.web.servlet.DispatcherServlet- Initializing Servlet 'dispatcherServlet'
2019/10/04-11:36 [http-nio-8888-exec-1] INFO  org.springframework.web.servlet.DispatcherServlet- Completed initialization in 7 ms
2019/10/04-11:38 [main] INFO  com.main.WXApplication- Starting WXApplication on LAPTOP-OQIT1VR1 with PID 17204 (D:\Code\wx\target\classes started by lenovo in D:\Code\wx)
2019/10/04-11:38 [main] INFO  com.main.WXApplication- No active profile set, falling back to default profiles: default
2019/10/04-11:38 [main] INFO  org.springframework.boot.web.embedded.tomcat.TomcatWebServer- Tomcat initialized with port(s): 8888 (http)
2019/10/04-11:38 [main] INFO  org.apache.catalina.core.StandardService- Starting service [Tomcat]
2019/10/04-11:38 [main] INFO  org.apache.catalina.core.StandardEngine- Starting Servlet engine: [Apache Tomcat/9.0.16]
2019/10/04-11:38 [main] INFO  org.apache.catalina.core.AprLifecycleListener- The APR based Apache Tomcat Native library which allows optimal performance in production environments was not found on the java.library.path: [D:\Java\jdk1.8.0_181\bin;C:\WINDOWS\Sun\Java\bin;C:\WINDOWS\system32;C:\WINDOWS;C:\Program Files (x86)\Common Files\Oracle\Java\javapath;C:\ProgramData\Oracle\Java\javapath;C:\Program Files (x86)\Intel\iCLS Client\;C:\Program Files\Intel\iCLS Client\;C:\Windows\system32;C:\Windows;C:\Windows\System32\Wbem;C:\Windows\System32\WindowsPowerShell\v1.0\;C:\Program Files (x86)\Intel\Intel(R) Management Engine Components\DAL;C:\Program Files\Intel\Intel(R) Management Engine Components\DAL;C:\Program Files (x86)\Intel\Intel(R) Management Engine Components\IPT;C:\Program Files\Intel\Intel(R) Management Engine Components\IPT;C:\Program Files (x86)\NVIDIA Corporation\PhysX\Common;C:\WINDOWS\system32;C:\WINDOWS;C:\WINDOWS\System32\Wbem;C:\WINDOWS\System32\WindowsPowerShell\v1.0\;D:\MySQL\mysql-5.7.20-winx64\bin;C:\Program Files (x86)\OpenVPN\bin;C:\Program Files\Microsoft SQL Server\130\Tools\Binn\;C:\Program Files\Microsoft SQL Server\Client SDK\ODBC\130\Tools\Binn\;C:\Program Files (x86)\Microsoft SQL Server\140\Tools\Binn\;C:\Program Files\Microsoft SQL Server\140\Tools\Binn\;C:\Program Files\Microsoft SQL Server\140\DTS\Binn\;C:\Program Files\Intel\WiFi\bin\;C:\Program Files\Common Files\Intel\WirelessCommon\;D:\Python\Python3.6.5\python.exe;C:\Program Files\MySQL\MySQL Utilities 1.6\;D:\Git\cmd;D:\Oracle\instantclient-basic-win32-10.1.0.5-20060419\instantclient10_1\config;D:\Go\bin;D:\TortoiseSVN\bin;C:\WINDOWS\System32\OpenSSH\;D:\Maven\apache-maven-3.6.0-bin\apache-maven-3.6.0\bin\;C:\Users\lenovo\.app\;C:\Users\lenovo\AppData\Local\Microsoft\WindowsApps;C:\Program Files\Intel\WiFi\bin\;C:\Program Files\Common Files\Intel\WirelessCommon\;D:\Python\Python3.6.5\python.exe;D:\Android Stdio\jre\bin;D:\Program\MySQL\MySQL Server 5.7\lib;E:\Go-WorkSpace\bin;E:\VSCode\Microsoft VS Code\bin;E:\Program Files\MinGW-m64\mingw64\bin;D:\Program Files\Oracle\VirtualBox\VBoxManage.exe;C:\Program Files (x86)\Vim\vim80;D:\Java\jdk1.8.0_181\bin;D:\Java\jdk1.8.0_181\jre\bin;;.]
2019/10/04-11:38 [main] INFO  org.apache.catalina.core.ContainerBase.[Tomcat].[localhost].[/wx]- Initializing Spring embedded WebApplicationContext
2019/10/04-11:38 [main] INFO  org.springframework.web.context.ContextLoader- Root WebApplicationContext: initialization completed in 1286 ms
2019/10/04-11:38 [main] INFO  org.springframework.scheduling.concurrent.ThreadPoolTaskExecutor- Initializing ExecutorService 'applicationTaskExecutor'
2019/10/04-11:38 [main] INFO  org.springframework.boot.web.embedded.tomcat.TomcatWebServer- Tomcat started on port(s): 8888 (http) with context path '/wx'
2019/10/04-11:38 [main] INFO  com.main.WXApplication- Started WXApplication in 2.519 seconds (JVM running for 4.034)
2019/10/04-11:38 [http-nio-8888-exec-1] INFO  org.apache.catalina.core.ContainerBase.[Tomcat].[localhost].[/wx]- Initializing Spring DispatcherServlet 'dispatcherServlet'
2019/10/04-11:38 [http-nio-8888-exec-1] INFO  org.springframework.web.servlet.DispatcherServlet- Initializing Servlet 'dispatcherServlet'
2019/10/04-11:38 [http-nio-8888-exec-1] INFO  org.springframework.web.servlet.DispatcherServlet- Completed initialization in 5 ms
2019/10/04-11:38 [main] INFO  com.main.WXApplication- Starting WXApplication on LAPTOP-OQIT1VR1 with PID 10580 (D:\Code\wx\target\classes started by lenovo in D:\Code\wx)
2019/10/04-11:38 [main] INFO  com.main.WXApplication- No active profile set, falling back to default profiles: default
2019/10/04-11:38 [main] INFO  org.springframework.boot.web.embedded.tomcat.TomcatWebServer- Tomcat initialized with port(s): 8888 (http)
2019/10/04-11:38 [main] INFO  org.apache.catalina.core.StandardService- Starting service [Tomcat]
2019/10/04-11:38 [main] INFO  org.apache.catalina.core.StandardEngine- Starting Servlet engine: [Apache Tomcat/9.0.16]
2019/10/04-11:38 [main] INFO  org.apache.catalina.core.AprLifecycleListener- The APR based Apache Tomcat Native library which allows optimal performance in production environments was not found on the java.library.path: [D:\Java\jdk1.8.0_181\bin;C:\WINDOWS\Sun\Java\bin;C:\WINDOWS\system32;C:\WINDOWS;C:\Program Files (x86)\Common Files\Oracle\Java\javapath;C:\ProgramData\Oracle\Java\javapath;C:\Program Files (x86)\Intel\iCLS Client\;C:\Program Files\Intel\iCLS Client\;C:\Windows\system32;C:\Windows;C:\Windows\System32\Wbem;C:\Windows\System32\WindowsPowerShell\v1.0\;C:\Program Files (x86)\Intel\Intel(R) Management Engine Components\DAL;C:\Program Files\Intel\Intel(R) Management Engine Components\DAL;C:\Program Files (x86)\Intel\Intel(R) Management Engine Components\IPT;C:\Program Files\Intel\Intel(R) Management Engine Components\IPT;C:\Program Files (x86)\NVIDIA Corporation\PhysX\Common;C:\WINDOWS\system32;C:\WINDOWS;C:\WINDOWS\System32\Wbem;C:\WINDOWS\System32\WindowsPowerShell\v1.0\;D:\MySQL\mysql-5.7.20-winx64\bin;C:\Program Files (x86)\OpenVPN\bin;C:\Program Files\Microsoft SQL Server\130\Tools\Binn\;C:\Program Files\Microsoft SQL Server\Client SDK\ODBC\130\Tools\Binn\;C:\Program Files (x86)\Microsoft SQL Server\140\Tools\Binn\;C:\Program Files\Microsoft SQL Server\140\Tools\Binn\;C:\Program Files\Microsoft SQL Server\140\DTS\Binn\;C:\Program Files\Intel\WiFi\bin\;C:\Program Files\Common Files\Intel\WirelessCommon\;D:\Python\Python3.6.5\python.exe;C:\Program Files\MySQL\MySQL Utilities 1.6\;D:\Git\cmd;D:\Oracle\instantclient-basic-win32-10.1.0.5-20060419\instantclient10_1\config;D:\Go\bin;D:\TortoiseSVN\bin;C:\WINDOWS\System32\OpenSSH\;D:\Maven\apache-maven-3.6.0-bin\apache-maven-3.6.0\bin\;C:\Users\lenovo\.app\;C:\Users\lenovo\AppData\Local\Microsoft\WindowsApps;C:\Program Files\Intel\WiFi\bin\;C:\Program Files\Common Files\Intel\WirelessCommon\;D:\Python\Python3.6.5\python.exe;D:\Android Stdio\jre\bin;D:\Program\MySQL\MySQL Server 5.7\lib;E:\Go-WorkSpace\bin;E:\VSCode\Microsoft VS Code\bin;E:\Program Files\MinGW-m64\mingw64\bin;D:\Program Files\Oracle\VirtualBox\VBoxManage.exe;C:\Program Files (x86)\Vim\vim80;D:\Java\jdk1.8.0_181\bin;D:\Java\jdk1.8.0_181\jre\bin;;.]
2019/10/04-11:38 [main] INFO  org.apache.catalina.core.ContainerBase.[Tomcat].[localhost].[/wx]- Initializing Spring embedded WebApplicationContext
2019/10/04-11:38 [main] INFO  org.springframework.web.context.ContextLoader- Root WebApplicationContext: initialization completed in 1699 ms
2019/10/04-11:38 [main] INFO  org.springframework.scheduling.concurrent.ThreadPoolTaskExecutor- Initializing ExecutorService 'applicationTaskExecutor'
2019/10/04-11:38 [main] INFO  org.springframework.boot.web.embedded.tomcat.TomcatWebServer- Tomcat started on port(s): 8888 (http) with context path '/wx'
2019/10/04-11:38 [main] INFO  com.main.WXApplication- Started WXApplication in 3.331 seconds (JVM running for 5.899)
2019/10/04-11:39 [http-nio-8888-exec-1] INFO  org.apache.catalina.core.ContainerBase.[Tomcat].[localhost].[/wx]- Initializing Spring DispatcherServlet 'dispatcherServlet'
2019/10/04-11:39 [http-nio-8888-exec-1] INFO  org.springframework.web.servlet.DispatcherServlet- Initializing Servlet 'dispatcherServlet'
2019/10/04-11:39 [http-nio-8888-exec-1] INFO  org.springframework.web.servlet.DispatcherServlet- Completed initialization in 8 ms
2019/10/04-11:39 [Thread-10] INFO  org.springframework.scheduling.concurrent.ThreadPoolTaskExecutor- Shutting down ExecutorService 'applicationTaskExecutor'
2019/10/04-11:45 [main] INFO  com.main.WXApplication- Starting WXApplication on LAPTOP-OQIT1VR1 with PID 10352 (D:\Code\wx\target\classes started by lenovo in D:\Code\wx)
2019/10/04-11:45 [main] INFO  com.main.WXApplication- No active profile set, falling back to default profiles: default
2019/10/04-11:45 [main] INFO  org.springframework.boot.web.embedded.tomcat.TomcatWebServer- Tomcat initialized with port(s): 8888 (http)
2019/10/04-11:45 [main] INFO  org.apache.catalina.core.StandardService- Starting service [Tomcat]
2019/10/04-11:45 [main] INFO  org.apache.catalina.core.StandardEngine- Starting Servlet engine: [Apache Tomcat/9.0.16]
2019/10/04-11:45 [main] INFO  org.apache.catalina.core.AprLifecycleListener- The APR based Apache Tomcat Native library which allows optimal performance in production environments was not found on the java.library.path: [D:\Java\jdk1.8.0_181\bin;C:\WINDOWS\Sun\Java\bin;C:\WINDOWS\system32;C:\WINDOWS;C:\Program Files (x86)\Common Files\Oracle\Java\javapath;C:\ProgramData\Oracle\Java\javapath;C:\Program Files (x86)\Intel\iCLS Client\;C:\Program Files\Intel\iCLS Client\;C:\Windows\system32;C:\Windows;C:\Windows\System32\Wbem;C:\Windows\System32\WindowsPowerShell\v1.0\;C:\Program Files (x86)\Intel\Intel(R) Management Engine Components\DAL;C:\Program Files\Intel\Intel(R) Management Engine Components\DAL;C:\Program Files (x86)\Intel\Intel(R) Management Engine Components\IPT;C:\Program Files\Intel\Intel(R) Management Engine Components\IPT;C:\Program Files (x86)\NVIDIA Corporation\PhysX\Common;C:\WINDOWS\system32;C:\WINDOWS;C:\WINDOWS\System32\Wbem;C:\WINDOWS\System32\WindowsPowerShell\v1.0\;D:\MySQL\mysql-5.7.20-winx64\bin;C:\Program Files (x86)\OpenVPN\bin;C:\Program Files\Microsoft SQL Server\130\Tools\Binn\;C:\Program Files\Microsoft SQL Server\Client SDK\ODBC\130\Tools\Binn\;C:\Program Files (x86)\Microsoft SQL Server\140\Tools\Binn\;C:\Program Files\Microsoft SQL Server\140\Tools\Binn\;C:\Program Files\Microsoft SQL Server\140\DTS\Binn\;C:\Program Files\Intel\WiFi\bin\;C:\Program Files\Common Files\Intel\WirelessCommon\;D:\Python\Python3.6.5\python.exe;C:\Program Files\MySQL\MySQL Utilities 1.6\;D:\Git\cmd;D:\Oracle\instantclient-basic-win32-10.1.0.5-20060419\instantclient10_1\config;D:\Go\bin;D:\TortoiseSVN\bin;C:\WINDOWS\System32\OpenSSH\;D:\Maven\apache-maven-3.6.0-bin\apache-maven-3.6.0\bin\;C:\Users\lenovo\.app\;C:\Users\lenovo\AppData\Local\Microsoft\WindowsApps;C:\Program Files\Intel\WiFi\bin\;C:\Program Files\Common Files\Intel\WirelessCommon\;D:\Python\Python3.6.5\python.exe;D:\Android Stdio\jre\bin;D:\Program\MySQL\MySQL Server 5.7\lib;E:\Go-WorkSpace\bin;E:\VSCode\Microsoft VS Code\bin;E:\Program Files\MinGW-m64\mingw64\bin;D:\Program Files\Oracle\VirtualBox\VBoxManage.exe;C:\Program Files (x86)\Vim\vim80;D:\Java\jdk1.8.0_181\bin;D:\Java\jdk1.8.0_181\jre\bin;;.]
2019/10/04-11:45 [main] INFO  org.apache.catalina.core.ContainerBase.[Tomcat].[localhost].[/wx]- Initializing Spring embedded WebApplicationContext
2019/10/04-11:45 [main] INFO  org.springframework.web.context.ContextLoader- Root WebApplicationContext: initialization completed in 1320 ms
2019/10/04-11:45 [main] INFO  org.springframework.scheduling.concurrent.ThreadPoolTaskExecutor- Initializing ExecutorService 'applicationTaskExecutor'
2019/10/04-11:45 [main] INFO  org.springframework.boot.web.embedded.tomcat.TomcatWebServer- Tomcat started on port(s): 8888 (http) with context path '/wx'
2019/10/04-11:45 [main] INFO  com.main.WXApplication- Started WXApplication in 2.609 seconds (JVM running for 4.41)
2019/10/04-11:45 [http-nio-8888-exec-1] INFO  org.apache.catalina.core.ContainerBase.[Tomcat].[localhost].[/wx]- Initializing Spring DispatcherServlet 'dispatcherServlet'
2019/10/04-11:45 [http-nio-8888-exec-1] INFO  org.springframework.web.servlet.DispatcherServlet- Initializing Servlet 'dispatcherServlet'
2019/10/04-11:45 [http-nio-8888-exec-1] INFO  org.springframework.web.servlet.DispatcherServlet- Completed initialization in 7 ms
2019/10/04-11:51 [main] INFO  com.main.WXApplication- Starting WXApplication on LAPTOP-OQIT1VR1 with PID 18764 (D:\Code\wx\target\classes started by lenovo in D:\Code\wx)
2019/10/04-11:51 [main] INFO  com.main.WXApplication- No active profile set, falling back to default profiles: default
2019/10/04-11:51 [main] INFO  org.springframework.boot.web.embedded.tomcat.TomcatWebServer- Tomcat initialized with port(s): 8888 (http)
2019/10/04-11:51 [main] INFO  org.apache.catalina.core.StandardService- Starting service [Tomcat]
2019/10/04-11:51 [main] INFO  org.apache.catalina.core.StandardEngine- Starting Servlet engine: [Apache Tomcat/9.0.16]
2019/10/04-11:51 [main] INFO  org.apache.catalina.core.AprLifecycleListener- The APR based Apache Tomcat Native library which allows optimal performance in production environments was not found on the java.library.path: [D:\Java\jdk1.8.0_181\bin;C:\WINDOWS\Sun\Java\bin;C:\WINDOWS\system32;C:\WINDOWS;C:\Program Files (x86)\Common Files\Oracle\Java\javapath;C:\ProgramData\Oracle\Java\javapath;C:\Program Files (x86)\Intel\iCLS Client\;C:\Program Files\Intel\iCLS Client\;C:\Windows\system32;C:\Windows;C:\Windows\System32\Wbem;C:\Windows\System32\WindowsPowerShell\v1.0\;C:\Program Files (x86)\Intel\Intel(R) Management Engine Components\DAL;C:\Program Files\Intel\Intel(R) Management Engine Components\DAL;C:\Program Files (x86)\Intel\Intel(R) Management Engine Components\IPT;C:\Program Files\Intel\Intel(R) Management Engine Components\IPT;C:\Program Files (x86)\NVIDIA Corporation\PhysX\Common;C:\WINDOWS\system32;C:\WINDOWS;C:\WINDOWS\System32\Wbem;C:\WINDOWS\System32\WindowsPowerShell\v1.0\;D:\MySQL\mysql-5.7.20-winx64\bin;C:\Program Files (x86)\OpenVPN\bin;C:\Program Files\Microsoft SQL Server\130\Tools\Binn\;C:\Program Files\Microsoft SQL Server\Client SDK\ODBC\130\Tools\Binn\;C:\Program Files (x86)\Microsoft SQL Server\140\Tools\Binn\;C:\Program Files\Microsoft SQL Server\140\Tools\Binn\;C:\Program Files\Microsoft SQL Server\140\DTS\Binn\;C:\Program Files\Intel\WiFi\bin\;C:\Program Files\Common Files\Intel\WirelessCommon\;D:\Python\Python3.6.5\python.exe;C:\Program Files\MySQL\MySQL Utilities 1.6\;D:\Git\cmd;D:\Oracle\instantclient-basic-win32-10.1.0.5-20060419\instantclient10_1\config;D:\Go\bin;D:\TortoiseSVN\bin;C:\WINDOWS\System32\OpenSSH\;D:\Maven\apache-maven-3.6.0-bin\apache-maven-3.6.0\bin\;C:\Users\lenovo\.app\;C:\Users\lenovo\AppData\Local\Microsoft\WindowsApps;C:\Program Files\Intel\WiFi\bin\;C:\Program Files\Common Files\Intel\WirelessCommon\;D:\Python\Python3.6.5\python.exe;D:\Android Stdio\jre\bin;D:\Program\MySQL\MySQL Server 5.7\lib;E:\Go-WorkSpace\bin;E:\VSCode\Microsoft VS Code\bin;E:\Program Files\MinGW-m64\mingw64\bin;D:\Program Files\Oracle\VirtualBox\VBoxManage.exe;C:\Program Files (x86)\Vim\vim80;D:\Java\jdk1.8.0_181\bin;D:\Java\jdk1.8.0_181\jre\bin;;.]
2019/10/04-11:51 [main] INFO  org.apache.catalina.core.ContainerBase.[Tomcat].[localhost].[/wx]- Initializing Spring embedded WebApplicationContext
2019/10/04-11:51 [main] INFO  org.springframework.web.context.ContextLoader- Root WebApplicationContext: initialization completed in 1391 ms
2019/10/04-11:51 [main] INFO  org.springframework.scheduling.concurrent.ThreadPoolTaskExecutor- Initializing ExecutorService 'applicationTaskExecutor'
2019/10/04-11:51 [main] INFO  org.springframework.boot.web.embedded.tomcat.TomcatWebServer- Tomcat started on port(s): 8888 (http) with context path '/wx'
2019/10/04-11:51 [main] INFO  com.main.WXApplication- Started WXApplication in 2.67 seconds (JVM running for 4.184)
2019/10/04-11:52 [http-nio-8888-exec-1] INFO  org.apache.catalina.core.ContainerBase.[Tomcat].[localhost].[/wx]- Initializing Spring DispatcherServlet 'dispatcherServlet'
2019/10/04-11:52 [http-nio-8888-exec-1] INFO  org.springframework.web.servlet.DispatcherServlet- Initializing Servlet 'dispatcherServlet'
2019/10/04-11:52 [http-nio-8888-exec-1] INFO  org.springframework.web.servlet.DispatcherServlet- Completed initialization in 6 ms
2019/10/04-11:53 [main] INFO  com.main.WXApplication- Starting WXApplication on LAPTOP-OQIT1VR1 with PID 17132 (D:\Code\wx\target\classes started by lenovo in D:\Code\wx)
2019/10/04-11:53 [main] INFO  com.main.WXApplication- No active profile set, falling back to default profiles: default
2019/10/04-11:53 [main] INFO  org.springframework.boot.web.embedded.tomcat.TomcatWebServer- Tomcat initialized with port(s): 8888 (http)
2019/10/04-11:53 [main] INFO  org.apache.catalina.core.StandardService- Starting service [Tomcat]
2019/10/04-11:53 [main] INFO  org.apache.catalina.core.StandardEngine- Starting Servlet engine: [Apache Tomcat/9.0.16]
2019/10/04-11:53 [main] INFO  org.apache.catalina.core.AprLifecycleListener- The APR based Apache Tomcat Native library which allows optimal performance in production environments was not found on the java.library.path: [D:\Java\jdk1.8.0_181\bin;C:\WINDOWS\Sun\Java\bin;C:\WINDOWS\system32;C:\WINDOWS;C:\Program Files (x86)\Common Files\Oracle\Java\javapath;C:\ProgramData\Oracle\Java\javapath;C:\Program Files (x86)\Intel\iCLS Client\;C:\Program Files\Intel\iCLS Client\;C:\Windows\system32;C:\Windows;C:\Windows\System32\Wbem;C:\Windows\System32\WindowsPowerShell\v1.0\;C:\Program Files (x86)\Intel\Intel(R) Management Engine Components\DAL;C:\Program Files\Intel\Intel(R) Management Engine Components\DAL;C:\Program Files (x86)\Intel\Intel(R) Management Engine Components\IPT;C:\Program Files\Intel\Intel(R) Management Engine Components\IPT;C:\Program Files (x86)\NVIDIA Corporation\PhysX\Common;C:\WINDOWS\system32;C:\WINDOWS;C:\WINDOWS\System32\Wbem;C:\WINDOWS\System32\WindowsPowerShell\v1.0\;D:\MySQL\mysql-5.7.20-winx64\bin;C:\Program Files (x86)\OpenVPN\bin;C:\Program Files\Microsoft SQL Server\130\Tools\Binn\;C:\Program Files\Microsoft SQL Server\Client SDK\ODBC\130\Tools\Binn\;C:\Program Files (x86)\Microsoft SQL Server\140\Tools\Binn\;C:\Program Files\Microsoft SQL Server\140\Tools\Binn\;C:\Program Files\Microsoft SQL Server\140\DTS\Binn\;C:\Program Files\Intel\WiFi\bin\;C:\Program Files\Common Files\Intel\WirelessCommon\;D:\Python\Python3.6.5\python.exe;C:\Program Files\MySQL\MySQL Utilities 1.6\;D:\Git\cmd;D:\Oracle\instantclient-basic-win32-10.1.0.5-20060419\instantclient10_1\config;D:\Go\bin;D:\TortoiseSVN\bin;C:\WINDOWS\System32\OpenSSH\;D:\Maven\apache-maven-3.6.0-bin\apache-maven-3.6.0\bin\;C:\Users\lenovo\.app\;C:\Users\lenovo\AppData\Local\Microsoft\WindowsApps;C:\Program Files\Intel\WiFi\bin\;C:\Program Files\Common Files\Intel\WirelessCommon\;D:\Python\Python3.6.5\python.exe;D:\Android Stdio\jre\bin;D:\Program\MySQL\MySQL Server 5.7\lib;E:\Go-WorkSpace\bin;E:\VSCode\Microsoft VS Code\bin;E:\Program Files\MinGW-m64\mingw64\bin;D:\Program Files\Oracle\VirtualBox\VBoxManage.exe;C:\Program Files (x86)\Vim\vim80;D:\Java\jdk1.8.0_181\bin;D:\Java\jdk1.8.0_181\jre\bin;;.]
2019/10/04-11:53 [main] INFO  org.apache.catalina.core.ContainerBase.[Tomcat].[localhost].[/wx]- Initializing Spring embedded WebApplicationContext
2019/10/04-11:53 [main] INFO  org.springframework.web.context.ContextLoader- Root WebApplicationContext: initialization completed in 1407 ms
2019/10/04-11:53 [main] INFO  org.springframework.scheduling.concurrent.ThreadPoolTaskExecutor- Initializing ExecutorService 'applicationTaskExecutor'
2019/10/04-11:53 [main] INFO  org.springframework.boot.web.embedded.tomcat.TomcatWebServer- Tomcat started on port(s): 8888 (http) with context path '/wx'
2019/10/04-11:53 [main] INFO  com.main.WXApplication- Started WXApplication in 2.55 seconds (JVM running for 4.125)
2019/10/04-11:53 [http-nio-8888-exec-1] INFO  org.apache.catalina.core.ContainerBase.[Tomcat].[localhost].[/wx]- Initializing Spring DispatcherServlet 'dispatcherServlet'
2019/10/04-11:53 [http-nio-8888-exec-1] INFO  org.springframework.web.servlet.DispatcherServlet- Initializing Servlet 'dispatcherServlet'
2019/10/04-11:53 [http-nio-8888-exec-1] INFO  org.springframework.web.servlet.DispatcherServlet- Completed initialization in 6 ms
2019/10/04-11:54 [http-nio-8888-exec-4] INFO  com.zaxxer.hikari.HikariDataSource- HikariPool-1 - Starting...
2019/10/04-11:54 [http-nio-8888-exec-4] INFO  com.zaxxer.hikari.HikariDataSource- HikariPool-1 - Start completed.
2019/10/04-11:55 [main] INFO  com.main.WXApplication- Starting WXApplication on LAPTOP-OQIT1VR1 with PID 16632 (D:\Code\wx\target\classes started by lenovo in D:\Code\wx)
2019/10/04-11:55 [main] INFO  com.main.WXApplication- No active profile set, falling back to default profiles: default
2019/10/04-11:55 [main] INFO  org.springframework.boot.web.embedded.tomcat.TomcatWebServer- Tomcat initialized with port(s): 8888 (http)
2019/10/04-11:55 [main] INFO  org.apache.catalina.core.StandardService- Starting service [Tomcat]
2019/10/04-11:55 [main] INFO  org.apache.catalina.core.StandardEngine- Starting Servlet engine: [Apache Tomcat/9.0.16]
2019/10/04-11:55 [main] INFO  org.apache.catalina.core.AprLifecycleListener- The APR based Apache Tomcat Native library which allows optimal performance in production environments was not found on the java.library.path: [D:\Java\jdk1.8.0_181\bin;C:\WINDOWS\Sun\Java\bin;C:\WINDOWS\system32;C:\WINDOWS;C:\Program Files (x86)\Common Files\Oracle\Java\javapath;C:\ProgramData\Oracle\Java\javapath;C:\Program Files (x86)\Intel\iCLS Client\;C:\Program Files\Intel\iCLS Client\;C:\Windows\system32;C:\Windows;C:\Windows\System32\Wbem;C:\Windows\System32\WindowsPowerShell\v1.0\;C:\Program Files (x86)\Intel\Intel(R) Management Engine Components\DAL;C:\Program Files\Intel\Intel(R) Management Engine Components\DAL;C:\Program Files (x86)\Intel\Intel(R) Management Engine Components\IPT;C:\Program Files\Intel\Intel(R) Management Engine Components\IPT;C:\Program Files (x86)\NVIDIA Corporation\PhysX\Common;C:\WINDOWS\system32;C:\WINDOWS;C:\WINDOWS\System32\Wbem;C:\WINDOWS\System32\WindowsPowerShell\v1.0\;D:\MySQL\mysql-5.7.20-winx64\bin;C:\Program Files (x86)\OpenVPN\bin;C:\Program Files\Microsoft SQL Server\130\Tools\Binn\;C:\Program Files\Microsoft SQL Server\Client SDK\ODBC\130\Tools\Binn\;C:\Program Files (x86)\Microsoft SQL Server\140\Tools\Binn\;C:\Program Files\Microsoft SQL Server\140\Tools\Binn\;C:\Program Files\Microsoft SQL Server\140\DTS\Binn\;C:\Program Files\Intel\WiFi\bin\;C:\Program Files\Common Files\Intel\WirelessCommon\;D:\Python\Python3.6.5\python.exe;C:\Program Files\MySQL\MySQL Utilities 1.6\;D:\Git\cmd;D:\Oracle\instantclient-basic-win32-10.1.0.5-20060419\instantclient10_1\config;D:\Go\bin;D:\TortoiseSVN\bin;C:\WINDOWS\System32\OpenSSH\;D:\Maven\apache-maven-3.6.0-bin\apache-maven-3.6.0\bin\;C:\Users\lenovo\.app\;C:\Users\lenovo\AppData\Local\Microsoft\WindowsApps;C:\Program Files\Intel\WiFi\bin\;C:\Program Files\Common Files\Intel\WirelessCommon\;D:\Python\Python3.6.5\python.exe;D:\Android Stdio\jre\bin;D:\Program\MySQL\MySQL Server 5.7\lib;E:\Go-WorkSpace\bin;E:\VSCode\Microsoft VS Code\bin;E:\Program Files\MinGW-m64\mingw64\bin;D:\Program Files\Oracle\VirtualBox\VBoxManage.exe;C:\Program Files (x86)\Vim\vim80;D:\Java\jdk1.8.0_181\bin;D:\Java\jdk1.8.0_181\jre\bin;;.]
2019/10/04-11:55 [main] INFO  org.apache.catalina.core.ContainerBase.[Tomcat].[localhost].[/wx]- Initializing Spring embedded WebApplicationContext
2019/10/04-11:55 [main] INFO  org.springframework.web.context.ContextLoader- Root WebApplicationContext: initialization completed in 1254 ms
2019/10/04-11:55 [main] INFO  org.springframework.scheduling.concurrent.ThreadPoolTaskExecutor- Initializing ExecutorService 'applicationTaskExecutor'
2019/10/04-11:55 [main] INFO  org.springframework.boot.web.embedded.tomcat.TomcatWebServer- Tomcat started on port(s): 8888 (http) with context path '/wx'
2019/10/04-11:55 [main] INFO  com.main.WXApplication- Started WXApplication in 2.458 seconds (JVM running for 3.973)
2019/10/04-11:55 [http-nio-8888-exec-1] INFO  org.apache.catalina.core.ContainerBase.[Tomcat].[localhost].[/wx]- Initializing Spring DispatcherServlet 'dispatcherServlet'
2019/10/04-11:55 [http-nio-8888-exec-1] INFO  org.springframework.web.servlet.DispatcherServlet- Initializing Servlet 'dispatcherServlet'
2019/10/04-11:55 [http-nio-8888-exec-1] INFO  org.springframework.web.servlet.DispatcherServlet- Completed initialization in 5 ms
2019/10/04-12:00 [main] INFO  com.main.WXApplication- Starting WXApplication on LAPTOP-OQIT1VR1 with PID 12892 (D:\Code\wx\target\classes started by lenovo in D:\Code\wx)
2019/10/04-12:00 [main] INFO  com.main.WXApplication- No active profile set, falling back to default profiles: default
2019/10/04-12:00 [main] INFO  org.springframework.boot.web.embedded.tomcat.TomcatWebServer- Tomcat initialized with port(s): 8888 (http)
2019/10/04-12:00 [main] INFO  org.apache.catalina.core.StandardService- Starting service [Tomcat]
2019/10/04-12:00 [main] INFO  org.apache.catalina.core.StandardEngine- Starting Servlet engine: [Apache Tomcat/9.0.16]
2019/10/04-12:00 [main] INFO  org.apache.catalina.core.AprLifecycleListener- The APR based Apache Tomcat Native library which allows optimal performance in production environments was not found on the java.library.path: [D:\Java\jdk1.8.0_181\bin;C:\WINDOWS\Sun\Java\bin;C:\WINDOWS\system32;C:\WINDOWS;C:\Program Files (x86)\Common Files\Oracle\Java\javapath;C:\ProgramData\Oracle\Java\javapath;C:\Program Files (x86)\Intel\iCLS Client\;C:\Program Files\Intel\iCLS Client\;C:\Windows\system32;C:\Windows;C:\Windows\System32\Wbem;C:\Windows\System32\WindowsPowerShell\v1.0\;C:\Program Files (x86)\Intel\Intel(R) Management Engine Components\DAL;C:\Program Files\Intel\Intel(R) Management Engine Components\DAL;C:\Program Files (x86)\Intel\Intel(R) Management Engine Components\IPT;C:\Program Files\Intel\Intel(R) Management Engine Components\IPT;C:\Program Files (x86)\NVIDIA Corporation\PhysX\Common;C:\WINDOWS\system32;C:\WINDOWS;C:\WINDOWS\System32\Wbem;C:\WINDOWS\System32\WindowsPowerShell\v1.0\;D:\MySQL\mysql-5.7.20-winx64\bin;C:\Program Files (x86)\OpenVPN\bin;C:\Program Files\Microsoft SQL Server\130\Tools\Binn\;C:\Program Files\Microsoft SQL Server\Client SDK\ODBC\130\Tools\Binn\;C:\Program Files (x86)\Microsoft SQL Server\140\Tools\Binn\;C:\Program Files\Microsoft SQL Server\140\Tools\Binn\;C:\Program Files\Microsoft SQL Server\140\DTS\Binn\;C:\Program Files\Intel\WiFi\bin\;C:\Program Files\Common Files\Intel\WirelessCommon\;D:\Python\Python3.6.5\python.exe;C:\Program Files\MySQL\MySQL Utilities 1.6\;D:\Git\cmd;D:\Oracle\instantclient-basic-win32-10.1.0.5-20060419\instantclient10_1\config;D:\Go\bin;D:\TortoiseSVN\bin;C:\WINDOWS\System32\OpenSSH\;D:\Maven\apache-maven-3.6.0-bin\apache-maven-3.6.0\bin\;C:\Users\lenovo\.app\;C:\Users\lenovo\AppData\Local\Microsoft\WindowsApps;C:\Program Files\Intel\WiFi\bin\;C:\Program Files\Common Files\Intel\WirelessCommon\;D:\Python\Python3.6.5\python.exe;D:\Android Stdio\jre\bin;D:\Program\MySQL\MySQL Server 5.7\lib;E:\Go-WorkSpace\bin;E:\VSCode\Microsoft VS Code\bin;E:\Program Files\MinGW-m64\mingw64\bin;D:\Program Files\Oracle\VirtualBox\VBoxManage.exe;C:\Program Files (x86)\Vim\vim80;D:\Java\jdk1.8.0_181\bin;D:\Java\jdk1.8.0_181\jre\bin;;.]
2019/10/04-12:00 [main] INFO  org.apache.catalina.core.ContainerBase.[Tomcat].[localhost].[/wx]- Initializing Spring embedded WebApplicationContext
2019/10/04-12:00 [main] INFO  org.springframework.web.context.ContextLoader- Root WebApplicationContext: initialization completed in 1298 ms
2019/10/04-12:00 [main] INFO  org.springframework.scheduling.concurrent.ThreadPoolTaskExecutor- Initializing ExecutorService 'applicationTaskExecutor'
2019/10/04-12:00 [main] INFO  org.springframework.boot.web.embedded.tomcat.TomcatWebServer- Tomcat started on port(s): 8888 (http) with context path '/wx'
2019/10/04-12:00 [main] INFO  com.main.WXApplication- Started WXApplication in 2.773 seconds (JVM running for 4.245)
2019/10/04-12:00 [http-nio-8888-exec-1] INFO  org.apache.catalina.core.ContainerBase.[Tomcat].[localhost].[/wx]- Initializing Spring DispatcherServlet 'dispatcherServlet'
2019/10/04-12:00 [http-nio-8888-exec-1] INFO  org.springframework.web.servlet.DispatcherServlet- Initializing Servlet 'dispatcherServlet'
2019/10/04-12:00 [http-nio-8888-exec-1] INFO  org.springframework.web.servlet.DispatcherServlet- Completed initialization in 7 ms
2019/10/04-12:01 [main] INFO  com.main.WXApplication- Starting WXApplication on LAPTOP-OQIT1VR1 with PID 2844 (D:\Code\wx\target\classes started by lenovo in D:\Code\wx)
2019/10/04-12:01 [main] INFO  com.main.WXApplication- No active profile set, falling back to default profiles: default
2019/10/04-12:01 [main] INFO  org.springframework.boot.web.embedded.tomcat.TomcatWebServer- Tomcat initialized with port(s): 8888 (http)
2019/10/04-12:01 [main] INFO  org.apache.catalina.core.StandardService- Starting service [Tomcat]
2019/10/04-12:01 [main] INFO  org.apache.catalina.core.StandardEngine- Starting Servlet engine: [Apache Tomcat/9.0.16]
2019/10/04-12:01 [main] INFO  org.apache.catalina.core.AprLifecycleListener- The APR based Apache Tomcat Native library which allows optimal performance in production environments was not found on the java.library.path: [D:\Java\jdk1.8.0_181\bin;C:\WINDOWS\Sun\Java\bin;C:\WINDOWS\system32;C:\WINDOWS;C:\Program Files (x86)\Common Files\Oracle\Java\javapath;C:\ProgramData\Oracle\Java\javapath;C:\Program Files (x86)\Intel\iCLS Client\;C:\Program Files\Intel\iCLS Client\;C:\Windows\system32;C:\Windows;C:\Windows\System32\Wbem;C:\Windows\System32\WindowsPowerShell\v1.0\;C:\Program Files (x86)\Intel\Intel(R) Management Engine Components\DAL;C:\Program Files\Intel\Intel(R) Management Engine Components\DAL;C:\Program Files (x86)\Intel\Intel(R) Management Engine Components\IPT;C:\Program Files\Intel\Intel(R) Management Engine Components\IPT;C:\Program Files (x86)\NVIDIA Corporation\PhysX\Common;C:\WINDOWS\system32;C:\WINDOWS;C:\WINDOWS\System32\Wbem;C:\WINDOWS\System32\WindowsPowerShell\v1.0\;D:\MySQL\mysql-5.7.20-winx64\bin;C:\Program Files (x86)\OpenVPN\bin;C:\Program Files\Microsoft SQL Server\130\Tools\Binn\;C:\Program Files\Microsoft SQL Server\Client SDK\ODBC\130\Tools\Binn\;C:\Program Files (x86)\Microsoft SQL Server\140\Tools\Binn\;C:\Program Files\Microsoft SQL Server\140\Tools\Binn\;C:\Program Files\Microsoft SQL Server\140\DTS\Binn\;C:\Program Files\Intel\WiFi\bin\;C:\Program Files\Common Files\Intel\WirelessCommon\;D:\Python\Python3.6.5\python.exe;C:\Program Files\MySQL\MySQL Utilities 1.6\;D:\Git\cmd;D:\Oracle\instantclient-basic-win32-10.1.0.5-20060419\instantclient10_1\config;D:\Go\bin;D:\TortoiseSVN\bin;C:\WINDOWS\System32\OpenSSH\;D:\Maven\apache-maven-3.6.0-bin\apache-maven-3.6.0\bin\;C:\Users\lenovo\.app\;C:\Users\lenovo\AppData\Local\Microsoft\WindowsApps;C:\Program Files\Intel\WiFi\bin\;C:\Program Files\Common Files\Intel\WirelessCommon\;D:\Python\Python3.6.5\python.exe;D:\Android Stdio\jre\bin;D:\Program\MySQL\MySQL Server 5.7\lib;E:\Go-WorkSpace\bin;E:\VSCode\Microsoft VS Code\bin;E:\Program Files\MinGW-m64\mingw64\bin;D:\Program Files\Oracle\VirtualBox\VBoxManage.exe;C:\Program Files (x86)\Vim\vim80;D:\Java\jdk1.8.0_181\bin;D:\Java\jdk1.8.0_181\jre\bin;;.]
2019/10/04-12:01 [main] INFO  org.apache.catalina.core.ContainerBase.[Tomcat].[localhost].[/wx]- Initializing Spring embedded WebApplicationContext
2019/10/04-12:01 [main] INFO  org.springframework.web.context.ContextLoader- Root WebApplicationContext: initialization completed in 1300 ms
2019/10/04-12:01 [main] INFO  org.springframework.scheduling.concurrent.ThreadPoolTaskExecutor- Initializing ExecutorService 'applicationTaskExecutor'
2019/10/04-12:01 [main] INFO  org.springframework.boot.web.embedded.tomcat.TomcatWebServer- Tomcat started on port(s): 8888 (http) with context path '/wx'
2019/10/04-12:01 [main] INFO  com.main.WXApplication- Started WXApplication in 2.516 seconds (JVM running for 4.018)
2019/10/04-12:02 [http-nio-8888-exec-1] INFO  org.apache.catalina.core.ContainerBase.[Tomcat].[localhost].[/wx]- Initializing Spring DispatcherServlet 'dispatcherServlet'
2019/10/04-12:02 [http-nio-8888-exec-1] INFO  org.springframework.web.servlet.DispatcherServlet- Initializing Servlet 'dispatcherServlet'
2019/10/04-12:02 [http-nio-8888-exec-1] INFO  org.springframework.web.servlet.DispatcherServlet- Completed initialization in 5 ms
2019/10/04-12:03 [main] INFO  com.main.WXApplication- Starting WXApplication on LAPTOP-OQIT1VR1 with PID 5252 (D:\Code\wx\target\classes started by lenovo in D:\Code\wx)
2019/10/04-12:03 [main] INFO  com.main.WXApplication- No active profile set, falling back to default profiles: default
2019/10/04-12:03 [main] INFO  org.springframework.boot.web.embedded.tomcat.TomcatWebServer- Tomcat initialized with port(s): 8888 (http)
2019/10/04-12:03 [main] INFO  org.apache.catalina.core.StandardService- Starting service [Tomcat]
2019/10/04-12:03 [main] INFO  org.apache.catalina.core.StandardEngine- Starting Servlet engine: [Apache Tomcat/9.0.16]
2019/10/04-12:03 [main] INFO  org.apache.catalina.core.AprLifecycleListener- The APR based Apache Tomcat Native library which allows optimal performance in production environments was not found on the java.library.path: [D:\Java\jdk1.8.0_181\bin;C:\WINDOWS\Sun\Java\bin;C:\WINDOWS\system32;C:\WINDOWS;C:\Program Files (x86)\Common Files\Oracle\Java\javapath;C:\ProgramData\Oracle\Java\javapath;C:\Program Files (x86)\Intel\iCLS Client\;C:\Program Files\Intel\iCLS Client\;C:\Windows\system32;C:\Windows;C:\Windows\System32\Wbem;C:\Windows\System32\WindowsPowerShell\v1.0\;C:\Program Files (x86)\Intel\Intel(R) Management Engine Components\DAL;C:\Program Files\Intel\Intel(R) Management Engine Components\DAL;C:\Program Files (x86)\Intel\Intel(R) Management Engine Components\IPT;C:\Program Files\Intel\Intel(R) Management Engine Components\IPT;C:\Program Files (x86)\NVIDIA Corporation\PhysX\Common;C:\WINDOWS\system32;C:\WINDOWS;C:\WINDOWS\System32\Wbem;C:\WINDOWS\System32\WindowsPowerShell\v1.0\;D:\MySQL\mysql-5.7.20-winx64\bin;C:\Program Files (x86)\OpenVPN\bin;C:\Program Files\Microsoft SQL Server\130\Tools\Binn\;C:\Program Files\Microsoft SQL Server\Client SDK\ODBC\130\Tools\Binn\;C:\Program Files (x86)\Microsoft SQL Server\140\Tools\Binn\;C:\Program Files\Microsoft SQL Server\140\Tools\Binn\;C:\Program Files\Microsoft SQL Server\140\DTS\Binn\;C:\Program Files\Intel\WiFi\bin\;C:\Program Files\Common Files\Intel\WirelessCommon\;D:\Python\Python3.6.5\python.exe;C:\Program Files\MySQL\MySQL Utilities 1.6\;D:\Git\cmd;D:\Oracle\instantclient-basic-win32-10.1.0.5-20060419\instantclient10_1\config;D:\Go\bin;D:\TortoiseSVN\bin;C:\WINDOWS\System32\OpenSSH\;D:\Maven\apache-maven-3.6.0-bin\apache-maven-3.6.0\bin\;C:\Users\lenovo\.app\;C:\Users\lenovo\AppData\Local\Microsoft\WindowsApps;C:\Program Files\Intel\WiFi\bin\;C:\Program Files\Common Files\Intel\WirelessCommon\;D:\Python\Python3.6.5\python.exe;D:\Android Stdio\jre\bin;D:\Program\MySQL\MySQL Server 5.7\lib;E:\Go-WorkSpace\bin;E:\VSCode\Microsoft VS Code\bin;E:\Program Files\MinGW-m64\mingw64\bin;D:\Program Files\Oracle\VirtualBox\VBoxManage.exe;C:\Program Files (x86)\Vim\vim80;D:\Java\jdk1.8.0_181\bin;D:\Java\jdk1.8.0_181\jre\bin;;.]
2019/10/04-12:03 [main] INFO  org.apache.catalina.core.ContainerBase.[Tomcat].[localhost].[/wx]- Initializing Spring embedded WebApplicationContext
2019/10/04-12:03 [main] INFO  org.springframework.web.context.ContextLoader- Root WebApplicationContext: initialization completed in 1275 ms
2019/10/04-12:03 [main] INFO  org.springframework.scheduling.concurrent.ThreadPoolTaskExecutor- Initializing ExecutorService 'applicationTaskExecutor'
2019/10/04-12:03 [main] INFO  org.springframework.boot.web.embedded.tomcat.TomcatWebServer- Tomcat started on port(s): 8888 (http) with context path '/wx'
2019/10/04-12:03 [main] INFO  com.main.WXApplication- Started WXApplication in 2.45 seconds (JVM running for 4.024)
2019/10/04-12:03 [http-nio-8888-exec-1] INFO  org.apache.catalina.core.ContainerBase.[Tomcat].[localhost].[/wx]- Initializing Spring DispatcherServlet 'dispatcherServlet'
2019/10/04-12:03 [http-nio-8888-exec-1] INFO  org.springframework.web.servlet.DispatcherServlet- Initializing Servlet 'dispatcherServlet'
2019/10/04-12:03 [http-nio-8888-exec-1] INFO  org.springframework.web.servlet.DispatcherServlet- Completed initialization in 5 ms
2019/10/04-12:05 [main] INFO  com.main.WXApplication- Starting WXApplication on LAPTOP-OQIT1VR1 with PID 16092 (D:\Code\wx\target\classes started by lenovo in D:\Code\wx)
2019/10/04-12:05 [main] INFO  com.main.WXApplication- No active profile set, falling back to default profiles: default
2019/10/04-12:05 [main] INFO  org.springframework.boot.web.embedded.tomcat.TomcatWebServer- Tomcat initialized with port(s): 8888 (http)
2019/10/04-12:05 [main] INFO  org.apache.catalina.core.StandardService- Starting service [Tomcat]
2019/10/04-12:05 [main] INFO  org.apache.catalina.core.StandardEngine- Starting Servlet engine: [Apache Tomcat/9.0.16]
2019/10/04-12:05 [main] INFO  org.apache.catalina.core.AprLifecycleListener- The APR based Apache Tomcat Native library which allows optimal performance in production environments was not found on the java.library.path: [D:\Java\jdk1.8.0_181\bin;C:\WINDOWS\Sun\Java\bin;C:\WINDOWS\system32;C:\WINDOWS;C:\Program Files (x86)\Common Files\Oracle\Java\javapath;C:\ProgramData\Oracle\Java\javapath;C:\Program Files (x86)\Intel\iCLS Client\;C:\Program Files\Intel\iCLS Client\;C:\Windows\system32;C:\Windows;C:\Windows\System32\Wbem;C:\Windows\System32\WindowsPowerShell\v1.0\;C:\Program Files (x86)\Intel\Intel(R) Management Engine Components\DAL;C:\Program Files\Intel\Intel(R) Management Engine Components\DAL;C:\Program Files (x86)\Intel\Intel(R) Management Engine Components\IPT;C:\Program Files\Intel\Intel(R) Management Engine Components\IPT;C:\Program Files (x86)\NVIDIA Corporation\PhysX\Common;C:\WINDOWS\system32;C:\WINDOWS;C:\WINDOWS\System32\Wbem;C:\WINDOWS\System32\WindowsPowerShell\v1.0\;D:\MySQL\mysql-5.7.20-winx64\bin;C:\Program Files (x86)\OpenVPN\bin;C:\Program Files\Microsoft SQL Server\130\Tools\Binn\;C:\Program Files\Microsoft SQL Server\Client SDK\ODBC\130\Tools\Binn\;C:\Program Files (x86)\Microsoft SQL Server\140\Tools\Binn\;C:\Program Files\Microsoft SQL Server\140\Tools\Binn\;C:\Program Files\Microsoft SQL Server\140\DTS\Binn\;C:\Program Files\Intel\WiFi\bin\;C:\Program Files\Common Files\Intel\WirelessCommon\;D:\Python\Python3.6.5\python.exe;C:\Program Files\MySQL\MySQL Utilities 1.6\;D:\Git\cmd;D:\Oracle\instantclient-basic-win32-10.1.0.5-20060419\instantclient10_1\config;D:\Go\bin;D:\TortoiseSVN\bin;C:\WINDOWS\System32\OpenSSH\;D:\Maven\apache-maven-3.6.0-bin\apache-maven-3.6.0\bin\;C:\Users\lenovo\.app\;C:\Users\lenovo\AppData\Local\Microsoft\WindowsApps;C:\Program Files\Intel\WiFi\bin\;C:\Program Files\Common Files\Intel\WirelessCommon\;D:\Python\Python3.6.5\python.exe;D:\Android Stdio\jre\bin;D:\Program\MySQL\MySQL Server 5.7\lib;E:\Go-WorkSpace\bin;E:\VSCode\Microsoft VS Code\bin;E:\Program Files\MinGW-m64\mingw64\bin;D:\Program Files\Oracle\VirtualBox\VBoxManage.exe;C:\Program Files (x86)\Vim\vim80;D:\Java\jdk1.8.0_181\bin;D:\Java\jdk1.8.0_181\jre\bin;;.]
2019/10/04-12:05 [main] INFO  org.apache.catalina.core.ContainerBase.[Tomcat].[localhost].[/wx]- Initializing Spring embedded WebApplicationContext
2019/10/04-12:05 [main] INFO  org.springframework.web.context.ContextLoader- Root WebApplicationContext: initialization completed in 1311 ms
2019/10/04-12:05 [main] INFO  org.springframework.scheduling.concurrent.ThreadPoolTaskExecutor- Initializing ExecutorService 'applicationTaskExecutor'
2019/10/04-12:05 [main] INFO  org.springframework.boot.web.embedded.tomcat.TomcatWebServer- Tomcat started on port(s): 8888 (http) with context path '/wx'
2019/10/04-12:05 [main] INFO  com.main.WXApplication- Started WXApplication in 2.624 seconds (JVM running for 4.166)
2019/10/04-12:05 [http-nio-8888-exec-1] INFO  org.apache.catalina.core.ContainerBase.[Tomcat].[localhost].[/wx]- Initializing Spring DispatcherServlet 'dispatcherServlet'
2019/10/04-12:05 [http-nio-8888-exec-1] INFO  org.springframework.web.servlet.DispatcherServlet- Initializing Servlet 'dispatcherServlet'
2019/10/04-12:05 [http-nio-8888-exec-1] INFO  org.springframework.web.servlet.DispatcherServlet- Completed initialization in 7 ms
2019/10/04-12:05 [http-nio-8888-exec-4] INFO  com.zaxxer.hikari.HikariDataSource- HikariPool-1 - Starting...
2019/10/04-12:05 [http-nio-8888-exec-4] INFO  com.zaxxer.hikari.HikariDataSource- HikariPool-1 - Start completed.
2019/10/04-12:06 [main] INFO  com.main.WXApplication- Starting WXApplication on LAPTOP-OQIT1VR1 with PID 1256 (D:\Code\wx\target\classes started by lenovo in D:\Code\wx)
2019/10/04-12:06 [main] INFO  com.main.WXApplication- No active profile set, falling back to default profiles: default
2019/10/04-12:06 [main] INFO  org.springframework.boot.web.embedded.tomcat.TomcatWebServer- Tomcat initialized with port(s): 8888 (http)
2019/10/04-12:06 [main] INFO  org.apache.catalina.core.StandardService- Starting service [Tomcat]
2019/10/04-12:06 [main] INFO  org.apache.catalina.core.StandardEngine- Starting Servlet engine: [Apache Tomcat/9.0.16]
2019/10/04-12:06 [main] INFO  org.apache.catalina.core.AprLifecycleListener- The APR based Apache Tomcat Native library which allows optimal performance in production environments was not found on the java.library.path: [D:\Java\jdk1.8.0_181\bin;C:\WINDOWS\Sun\Java\bin;C:\WINDOWS\system32;C:\WINDOWS;C:\Program Files (x86)\Common Files\Oracle\Java\javapath;C:\ProgramData\Oracle\Java\javapath;C:\Program Files (x86)\Intel\iCLS Client\;C:\Program Files\Intel\iCLS Client\;C:\Windows\system32;C:\Windows;C:\Windows\System32\Wbem;C:\Windows\System32\WindowsPowerShell\v1.0\;C:\Program Files (x86)\Intel\Intel(R) Management Engine Components\DAL;C:\Program Files\Intel\Intel(R) Management Engine Components\DAL;C:\Program Files (x86)\Intel\Intel(R) Management Engine Components\IPT;C:\Program Files\Intel\Intel(R) Management Engine Components\IPT;C:\Program Files (x86)\NVIDIA Corporation\PhysX\Common;C:\WINDOWS\system32;C:\WINDOWS;C:\WINDOWS\System32\Wbem;C:\WINDOWS\System32\WindowsPowerShell\v1.0\;D:\MySQL\mysql-5.7.20-winx64\bin;C:\Program Files (x86)\OpenVPN\bin;C:\Program Files\Microsoft SQL Server\130\Tools\Binn\;C:\Program Files\Microsoft SQL Server\Client SDK\ODBC\130\Tools\Binn\;C:\Program Files (x86)\Microsoft SQL Server\140\Tools\Binn\;C:\Program Files\Microsoft SQL Server\140\Tools\Binn\;C:\Program Files\Microsoft SQL Server\140\DTS\Binn\;C:\Program Files\Intel\WiFi\bin\;C:\Program Files\Common Files\Intel\WirelessCommon\;D:\Python\Python3.6.5\python.exe;C:\Program Files\MySQL\MySQL Utilities 1.6\;D:\Git\cmd;D:\Oracle\instantclient-basic-win32-10.1.0.5-20060419\instantclient10_1\config;D:\Go\bin;D:\TortoiseSVN\bin;C:\WINDOWS\System32\OpenSSH\;D:\Maven\apache-maven-3.6.0-bin\apache-maven-3.6.0\bin\;C:\Users\lenovo\.app\;C:\Users\lenovo\AppData\Local\Microsoft\WindowsApps;C:\Program Files\Intel\WiFi\bin\;C:\Program Files\Common Files\Intel\WirelessCommon\;D:\Python\Python3.6.5\python.exe;D:\Android Stdio\jre\bin;D:\Program\MySQL\MySQL Server 5.7\lib;E:\Go-WorkSpace\bin;E:\VSCode\Microsoft VS Code\bin;E:\Program Files\MinGW-m64\mingw64\bin;D:\Program Files\Oracle\VirtualBox\VBoxManage.exe;C:\Program Files (x86)\Vim\vim80;D:\Java\jdk1.8.0_181\bin;D:\Java\jdk1.8.0_181\jre\bin;;.]
2019/10/04-12:06 [main] INFO  org.apache.catalina.core.ContainerBase.[Tomcat].[localhost].[/wx]- Initializing Spring embedded WebApplicationContext
2019/10/04-12:06 [main] INFO  org.springframework.web.context.ContextLoader- Root WebApplicationContext: initialization completed in 1322 ms
2019/10/04-12:06 [main] INFO  org.springframework.scheduling.concurrent.ThreadPoolTaskExecutor- Initializing ExecutorService 'applicationTaskExecutor'
2019/10/04-12:06 [main] INFO  org.springframework.boot.web.embedded.tomcat.TomcatWebServer- Tomcat started on port(s): 8888 (http) with context path '/wx'
2019/10/04-12:06 [main] INFO  com.main.WXApplication- Started WXApplication in 2.714 seconds (JVM running for 4.241)
2019/10/04-12:06 [http-nio-8888-exec-1] INFO  org.apache.catalina.core.ContainerBase.[Tomcat].[localhost].[/wx]- Initializing Spring DispatcherServlet 'dispatcherServlet'
2019/10/04-12:06 [http-nio-8888-exec-1] INFO  org.springframework.web.servlet.DispatcherServlet- Initializing Servlet 'dispatcherServlet'
2019/10/04-12:06 [http-nio-8888-exec-1] INFO  org.springframework.web.servlet.DispatcherServlet- Completed initialization in 6 ms
2019/10/04-12:06 [http-nio-8888-exec-4] INFO  com.zaxxer.hikari.HikariDataSource- HikariPool-1 - Starting...
2019/10/04-12:06 [http-nio-8888-exec-4] INFO  com.zaxxer.hikari.HikariDataSource- HikariPool-1 - Start completed.
2019/10/04-12:07 [main] INFO  com.main.WXApplication- Starting WXApplication on LAPTOP-OQIT1VR1 with PID 18552 (D:\Code\wx\target\classes started by lenovo in D:\Code\wx)
2019/10/04-12:07 [main] INFO  com.main.WXApplication- No active profile set, falling back to default profiles: default
2019/10/04-12:07 [main] INFO  org.springframework.boot.web.embedded.tomcat.TomcatWebServer- Tomcat initialized with port(s): 8888 (http)
2019/10/04-12:07 [main] INFO  org.apache.catalina.core.StandardService- Starting service [Tomcat]
2019/10/04-12:07 [main] INFO  org.apache.catalina.core.StandardEngine- Starting Servlet engine: [Apache Tomcat/9.0.16]
2019/10/04-12:07 [main] INFO  org.apache.catalina.core.AprLifecycleListener- The APR based Apache Tomcat Native library which allows optimal performance in production environments was not found on the java.library.path: [D:\Java\jdk1.8.0_181\bin;C:\WINDOWS\Sun\Java\bin;C:\WINDOWS\system32;C:\WINDOWS;C:\Program Files (x86)\Common Files\Oracle\Java\javapath;C:\ProgramData\Oracle\Java\javapath;C:\Program Files (x86)\Intel\iCLS Client\;C:\Program Files\Intel\iCLS Client\;C:\Windows\system32;C:\Windows;C:\Windows\System32\Wbem;C:\Windows\System32\WindowsPowerShell\v1.0\;C:\Program Files (x86)\Intel\Intel(R) Management Engine Components\DAL;C:\Program Files\Intel\Intel(R) Management Engine Components\DAL;C:\Program Files (x86)\Intel\Intel(R) Management Engine Components\IPT;C:\Program Files\Intel\Intel(R) Management Engine Components\IPT;C:\Program Files (x86)\NVIDIA Corporation\PhysX\Common;C:\WINDOWS\system32;C:\WINDOWS;C:\WINDOWS\System32\Wbem;C:\WINDOWS\System32\WindowsPowerShell\v1.0\;D:\MySQL\mysql-5.7.20-winx64\bin;C:\Program Files (x86)\OpenVPN\bin;C:\Program Files\Microsoft SQL Server\130\Tools\Binn\;C:\Program Files\Microsoft SQL Server\Client SDK\ODBC\130\Tools\Binn\;C:\Program Files (x86)\Microsoft SQL Server\140\Tools\Binn\;C:\Program Files\Microsoft SQL Server\140\Tools\Binn\;C:\Program Files\Microsoft SQL Server\140\DTS\Binn\;C:\Program Files\Intel\WiFi\bin\;C:\Program Files\Common Files\Intel\WirelessCommon\;D:\Python\Python3.6.5\python.exe;C:\Program Files\MySQL\MySQL Utilities 1.6\;D:\Git\cmd;D:\Oracle\instantclient-basic-win32-10.1.0.5-20060419\instantclient10_1\config;D:\Go\bin;D:\TortoiseSVN\bin;C:\WINDOWS\System32\OpenSSH\;D:\Maven\apache-maven-3.6.0-bin\apache-maven-3.6.0\bin\;C:\Users\lenovo\.app\;C:\Users\lenovo\AppData\Local\Microsoft\WindowsApps;C:\Program Files\Intel\WiFi\bin\;C:\Program Files\Common Files\Intel\WirelessCommon\;D:\Python\Python3.6.5\python.exe;D:\Android Stdio\jre\bin;D:\Program\MySQL\MySQL Server 5.7\lib;E:\Go-WorkSpace\bin;E:\VSCode\Microsoft VS Code\bin;E:\Program Files\MinGW-m64\mingw64\bin;D:\Program Files\Oracle\VirtualBox\VBoxManage.exe;C:\Program Files (x86)\Vim\vim80;D:\Java\jdk1.8.0_181\bin;D:\Java\jdk1.8.0_181\jre\bin;;.]
2019/10/04-12:07 [main] INFO  org.apache.catalina.core.ContainerBase.[Tomcat].[localhost].[/wx]- Initializing Spring embedded WebApplicationContext
2019/10/04-12:07 [main] INFO  org.springframework.web.context.ContextLoader- Root WebApplicationContext: initialization completed in 1257 ms
2019/10/04-12:07 [main] INFO  org.springframework.scheduling.concurrent.ThreadPoolTaskExecutor- Initializing ExecutorService 'applicationTaskExecutor'
2019/10/04-12:07 [main] INFO  org.springframework.boot.web.embedded.tomcat.TomcatWebServer- Tomcat started on port(s): 8888 (http) with context path '/wx'
2019/10/04-12:07 [main] INFO  com.main.WXApplication- Started WXApplication in 2.437 seconds (JVM running for 3.965)
2019/10/04-12:08 [http-nio-8888-exec-1] INFO  org.apache.catalina.core.ContainerBase.[Tomcat].[localhost].[/wx]- Initializing Spring DispatcherServlet 'dispatcherServlet'
2019/10/04-12:08 [http-nio-8888-exec-1] INFO  org.springframework.web.servlet.DispatcherServlet- Initializing Servlet 'dispatcherServlet'
2019/10/04-12:08 [http-nio-8888-exec-1] INFO  org.springframework.web.servlet.DispatcherServlet- Completed initialization in 5 ms
2019/10/04-12:08 [http-nio-8888-exec-4] WARN  com.baidu.aip.client.BaseClient- oauth get error, current state: STATE_TRUE_CLOUD_USER
2019/10/04-12:08 [http-nio-8888-exec-4] WARN  com.baidu.aip.client.BaseClient- call failed! response status: 0, data: 
2019/10/04-12:50 [main] WARN  org.springframework.boot.test.json.DuplicateJsonObjectContextCustomizerFactory$DuplicateJsonObjectContextCustomizer- 

Found multiple occurrences of org.json.JSONObject on the class path:

	jar:file:/D:/Maven/apache-maven-3.6.0-bin/apache-maven-3.6.0/m2/repository/com/vaadin/external/google/android-json/0.0.20131108.vaadin1/android-json-0.0.20131108.vaadin1.jar!/org/json/JSONObject.class
	jar:file:/D:/Maven/apache-maven-3.6.0-bin/apache-maven-3.6.0/m2/repository/org/json/json/20160810/json-20160810.jar!/org/json/JSONObject.class

You may wish to exclude one of them to ensure predictable runtime behavior

2019/10/04-12:50 [main] INFO  score.ScoreControllerTest- Starting ScoreControllerTest on LAPTOP-OQIT1VR1 with PID 2364 (started by lenovo in D:\Code\wx)
2019/10/04-12:50 [main] INFO  score.ScoreControllerTest- No active profile set, falling back to default profiles: default
2019/10/04-12:50 [main] INFO  org.springframework.scheduling.concurrent.ThreadPoolTaskExecutor- Initializing ExecutorService 'applicationTaskExecutor'
2019/10/04-12:50 [main] INFO  org.springframework.boot.test.mock.web.SpringBootMockServletContext- Initializing Spring TestDispatcherServlet ''
2019/10/04-12:50 [main] INFO  org.springframework.test.web.servlet.TestDispatcherServlet- Initializing Servlet ''
2019/10/04-12:50 [main] INFO  org.springframework.test.web.servlet.TestDispatcherServlet- Completed initialization in 11 ms
2019/10/04-12:50 [main] INFO  score.ScoreControllerTest- Started ScoreControllerTest in 3.339 seconds (JVM running for 4.441)
2019/10/04-12:50 [main] INFO  org.springframework.boot.test.mock.web.SpringBootMockServletContext- Initializing Spring TestDispatcherServlet ''
2019/10/04-12:50 [main] INFO  org.springframework.test.web.servlet.TestDispatcherServlet- Initializing Servlet ''
2019/10/04-12:50 [main] INFO  org.springframework.test.web.servlet.TestDispatcherServlet- Completed initialization in 2 ms
2019/10/04-12:50 [main] INFO  com.zaxxer.hikari.HikariDataSource- HikariPool-1 - Starting...
2019/10/04-12:50 [main] INFO  com.zaxxer.hikari.HikariDataSource- HikariPool-1 - Start completed.
2019/10/04-12:50 [Thread-3] INFO  org.springframework.scheduling.concurrent.ThreadPoolTaskExecutor- Shutting down ExecutorService 'applicationTaskExecutor'
2019/10/04-12:50 [Thread-3] INFO  com.zaxxer.hikari.HikariDataSource- HikariPool-1 - Shutdown initiated...
2019/10/04-12:50 [Thread-3] INFO  com.zaxxer.hikari.HikariDataSource- HikariPool-1 - Shutdown completed.
2019/10/04-13:07 [main] INFO  com.main.WXApplication- Starting WXApplication on LAPTOP-OQIT1VR1 with PID 2928 (D:\Code\wx\target\classes started by lenovo in D:\Code\wx)
2019/10/04-13:07 [main] INFO  com.main.WXApplication- No active profile set, falling back to default profiles: default
2019/10/04-13:07 [main] INFO  org.springframework.boot.web.embedded.tomcat.TomcatWebServer- Tomcat initialized with port(s): 8888 (http)
2019/10/04-13:07 [main] INFO  org.apache.catalina.core.StandardService- Starting service [Tomcat]
2019/10/04-13:07 [main] INFO  org.apache.catalina.core.StandardEngine- Starting Servlet engine: [Apache Tomcat/9.0.16]
2019/10/04-13:07 [main] INFO  org.apache.catalina.core.AprLifecycleListener- The APR based Apache Tomcat Native library which allows optimal performance in production environments was not found on the java.library.path: [D:\Java\jdk1.8.0_181\bin;C:\WINDOWS\Sun\Java\bin;C:\WINDOWS\system32;C:\WINDOWS;C:\Program Files (x86)\Common Files\Oracle\Java\javapath;C:\ProgramData\Oracle\Java\javapath;C:\Program Files (x86)\Intel\iCLS Client\;C:\Program Files\Intel\iCLS Client\;C:\Windows\system32;C:\Windows;C:\Windows\System32\Wbem;C:\Windows\System32\WindowsPowerShell\v1.0\;C:\Program Files (x86)\Intel\Intel(R) Management Engine Components\DAL;C:\Program Files\Intel\Intel(R) Management Engine Components\DAL;C:\Program Files (x86)\Intel\Intel(R) Management Engine Components\IPT;C:\Program Files\Intel\Intel(R) Management Engine Components\IPT;C:\Program Files (x86)\NVIDIA Corporation\PhysX\Common;C:\WINDOWS\system32;C:\WINDOWS;C:\WINDOWS\System32\Wbem;C:\WINDOWS\System32\WindowsPowerShell\v1.0\;D:\MySQL\mysql-5.7.20-winx64\bin;C:\Program Files (x86)\OpenVPN\bin;C:\Program Files\Microsoft SQL Server\130\Tools\Binn\;C:\Program Files\Microsoft SQL Server\Client SDK\ODBC\130\Tools\Binn\;C:\Program Files (x86)\Microsoft SQL Server\140\Tools\Binn\;C:\Program Files\Microsoft SQL Server\140\Tools\Binn\;C:\Program Files\Microsoft SQL Server\140\DTS\Binn\;C:\Program Files\Intel\WiFi\bin\;C:\Program Files\Common Files\Intel\WirelessCommon\;D:\Python\Python3.6.5\python.exe;C:\Program Files\MySQL\MySQL Utilities 1.6\;D:\Git\cmd;D:\Oracle\instantclient-basic-win32-10.1.0.5-20060419\instantclient10_1\config;D:\Go\bin;D:\TortoiseSVN\bin;C:\WINDOWS\System32\OpenSSH\;D:\Maven\apache-maven-3.6.0-bin\apache-maven-3.6.0\bin\;C:\Users\lenovo\.app\;C:\Users\lenovo\AppData\Local\Microsoft\WindowsApps;C:\Program Files\Intel\WiFi\bin\;C:\Program Files\Common Files\Intel\WirelessCommon\;D:\Python\Python3.6.5\python.exe;D:\Android Stdio\jre\bin;D:\Program\MySQL\MySQL Server 5.7\lib;E:\Go-WorkSpace\bin;E:\VSCode\Microsoft VS Code\bin;E:\Program Files\MinGW-m64\mingw64\bin;D:\Program Files\Oracle\VirtualBox\VBoxManage.exe;C:\Program Files (x86)\Vim\vim80;D:\Java\jdk1.8.0_181\bin;D:\Java\jdk1.8.0_181\jre\bin;;.]
2019/10/04-13:07 [main] INFO  org.apache.catalina.core.ContainerBase.[Tomcat].[localhost].[/wx]- Initializing Spring embedded WebApplicationContext
2019/10/04-13:07 [main] INFO  org.springframework.web.context.ContextLoader- Root WebApplicationContext: initialization completed in 1441 ms
2019/10/04-13:07 [main] INFO  org.springframework.scheduling.concurrent.ThreadPoolTaskExecutor- Initializing ExecutorService 'applicationTaskExecutor'
2019/10/04-13:07 [main] INFO  org.springframework.boot.web.embedded.tomcat.TomcatWebServer- Tomcat started on port(s): 8888 (http) with context path '/wx'
2019/10/04-13:07 [main] INFO  com.main.WXApplication- Started WXApplication in 2.597 seconds (JVM running for 4.211)
2019/10/04-13:07 [http-nio-8888-exec-1] INFO  org.apache.catalina.core.ContainerBase.[Tomcat].[localhost].[/wx]- Initializing Spring DispatcherServlet 'dispatcherServlet'
2019/10/04-13:07 [http-nio-8888-exec-1] INFO  org.springframework.web.servlet.DispatcherServlet- Initializing Servlet 'dispatcherServlet'
2019/10/04-13:07 [http-nio-8888-exec-1] INFO  org.springframework.web.servlet.DispatcherServlet- Completed initialization in 5 ms
2019/10/04-13:07 [http-nio-8888-exec-6] INFO  com.zaxxer.hikari.HikariDataSource- HikariPool-1 - Starting...
2019/10/04-13:07 [http-nio-8888-exec-6] INFO  com.zaxxer.hikari.HikariDataSource- HikariPool-1 - Start completed.
